#
# There is insufficient memory for the Java Runtime Environment to continue.
# Native memory allocation (malloc) failed to allocate 32744 bytes for ChunkPool::allocate
# Possible reasons:
#   The system is out of physical RAM or swap space
#   In 32 bit mode, the process size limit was hit
# Possible solutions:
#   Reduce memory load on the system
#   Increase physical memory or swap space
#   Check if swap backing store is full
#   Use 64 bit Java on a 64 bit OS
#   Decrease Java heap size (-Xmx/-Xms)
#   Decrease number of Java threads
#   Decrease Java thread stack sizes (-Xss)
#   Set larger code cache with -XX:ReservedCodeCacheSize=
# This output file may be truncated or incomplete.
#
#  Out of Memory Error (allocation.cpp:273), pid=14920, tid=15320
#
# JRE version: Java(TM) SE Runtime Environment (8.0_73-b02) (build 1.8.0_73-b02)
# Java VM: Java HotSpot(TM) 64-Bit Server VM (25.73-b02 mixed mode windows-amd64 compressed oops)
# Failed to write core dump. Minidumps are not enabled by default on client versions of Windows
#

---------------  T H R E A D  ---------------

Current thread (0x0000000054d4d800):  JavaThread "C2 CompilerThread1" daemon [_thread_in_native, id=15320, stack(0x0000000056ae0000,0x0000000056be0000)]

Stack: [0x0000000056ae0000,0x0000000056be0000]
[error occurred during error reporting (printing stack bounds), id 0xc0000005]

Native frames: (J=compiled Java code, j=interpreted, Vv=VM code, C=native code)


Current CompileTask:
C2:    219  175       4       jdk.internal.org.objectweb.asm.ByteVector::putUTF8 (142 bytes)


---------------  P R O C E S S  ---------------

Java Threads: ( => current thread )
  0x000000005647c000 JavaThread "Service Thread" daemon [_thread_blocked, id=13736, stack(0x0000000056cc0000,0x0000000056dc0000)]
  0x0000000056401000 JavaThread "C1 CompilerThread2" daemon [_thread_in_native, id=15252, stack(0x0000000056810000,0x0000000056910000)]
=>0x0000000054d4d800 JavaThread "C2 CompilerThread1" daemon [_thread_in_native, id=15320, stack(0x0000000056ae0000,0x0000000056be0000)]
  0x0000000054d48800 JavaThread "C2 CompilerThread0" daemon [_thread_blocked, id=14576, stack(0x0000000056940000,0x0000000056a40000)]
  0x0000000054d46000 JavaThread "Attach Listener" daemon [_thread_blocked, id=15256, stack(0x00000000562f0000,0x00000000563f0000)]
  0x0000000054d42800 JavaThread "Signal Dispatcher" daemon [_thread_blocked, id=14932, stack(0x00000000561d0000,0x00000000562d0000)]
  0x0000000054ce6800 JavaThread "Finalizer" daemon [_thread_blocked, id=15312, stack(0x0000000056030000,0x0000000056130000)]
  0x0000000054cdf800 JavaThread "Reference Handler" daemon [_thread_blocked, id=13384, stack(0x0000000055f30000,0x0000000056030000)]
  0x000000000241e000 JavaThread "main" [_thread_in_vm, id=14512, stack(0x00000000025a0000,0x00000000026a0000)]

Other Threads:
  0x0000000054cda000 VMThread [stack: 0x0000000055d60000,0x0000000055e60000] [id=14252]
  0x0000000056495800 WatcherThread [stack: 0x0000000056e60000,0x0000000056f60000] [id=14480]

VM state:not at safepoint (normal execution)

VM Mutex/Monitor currently owned by a thread: None

Heap:
 PSYoungGen      total 16896K, used 2081K [0x00000000edb00000, 0x00000000eed80000, 0x0000000100000000)
  eden space 14848K, 14% used [0x00000000edb00000,0x00000000edd08488,0x00000000ee980000)
  from space 2048K, 0% used [0x00000000eeb80000,0x00000000eeb80000,0x00000000eed80000)
  to   space 2048K, 0% used [0x00000000ee980000,0x00000000ee980000,0x00000000eeb80000)
 ParOldGen       total 38400K, used 0K [0x00000000c9000000, 0x00000000cb580000, 0x00000000edb00000)
  object space 38400K, 0% used [0x00000000c9000000,0x00000000c9000000,0x00000000cb580000)
 Metaspace       used 4048K, capacity 4698K, committed 4992K, reserved 1056768K
  class space    used 467K, capacity 542K, committed 640K, reserved 1048576K

Card table byte_map: [0x0000000011d30000,0x0000000011ef0000] byte_map_base: 0x00000000116e8000

Marking Bits: (ParMarkBitMap*) 0x000000006b6a0600
 Begin Bits: [0x00000000127d0000, 0x0000000013590000)
 End Bits:   [0x0000000013590000, 0x0000000014350000)

Polling page: 0x0000000000350000

CodeCache: size=245760Kb used=1320Kb max_used=1330Kb free=244439Kb
 bounds [0x0000000002970000, 0x0000000002be0000, 0x0000000011970000]
 total_blobs=430 nmethods=167 adapters=176
 compilation: enabled

Compilation events (10 events):
Event: 0.117 Thread 0x0000000056401000  152       1       java.lang.invoke.MethodHandle::type (5 bytes)
Event: 0.117 Thread 0x0000000056401000 nmethod 152 0x0000000002ab3e50 code [0x0000000002ab3fa0, 0x0000000002ab40b0]
Event: 0.117 Thread 0x0000000056401000  154       3       jdk.internal.org.objectweb.asm.Type::getArgumentsAndReturnSizes (151 bytes)
Event: 0.118 Thread 0x0000000056401000 nmethod 154 0x0000000002ab4610 code [0x0000000002ab4840, 0x0000000002ab55b8]
Event: 0.118 Thread 0x0000000056401000  155       3       java.lang.invoke.InvokerBytecodeGenerator::isStaticallyNameable (116 bytes)
Event: 0.118 Thread 0x0000000054d48800  161       4       java.lang.String::indexOf (70 bytes)
Event: 0.119 Thread 0x0000000056401000 nmethod 155 0x0000000002ab5f50 code [0x0000000002ab62c0, 0x0000000002ab8338]
Event: 0.119 Thread 0x0000000056401000  160       3       jdk.internal.org.objectweb.asm.Frame::execute (2252 bytes)
Event: 0.119 Thread 0x0000000054d48800 nmethod 161 0x0000000002abc650 code [0x0000000002abc7a0, 0x0000000002abc938]
Event: 0.121 Thread 0x0000000054d4d800  175       4       jdk.internal.org.objectweb.asm.ByteVector::putUTF8 (142 bytes)

GC Heap History (0 events):
No events

Deoptimization events (0 events):
No events

Internal exceptions (8 events):
Event: 0.038 Thread 0x000000000241e000 Exception <a 'java/lang/NoSuchMethodError': Method sun.misc.Unsafe.defineClass(Ljava/lang/String;[BII)Ljava/lang/Class; name or signature does not match> (0x00000000edb0d488) thrown at [D:\re\puppet\workspace\8-2-build-windows-amd64-cygwin\jdk8u73\6086\hotögÛÏj£?
Event: 0.038 Thread 0x000000000241e000 Exception <a 'java/lang/NoSuchMethodError': Method sun.misc.Unsafe.prefetchRead(Ljava/lang/Object;J)V name or signature does not match> (0x00000000edb0d770) thrown at [D:\re\puppet\workspace\8-2-build-windows-amd64-cygwin\jdk8u73\6086\hotspot\src\share\vm\Où∫v2∑?
Event: 0.091 Thread 0x000000000241e000 Exception <a 'java/security/PrivilegedActionException'> (0x00000000edbcd3e8) thrown at [D:\re\puppet\workspace\8-2-build-windows-amd64-cygwin\jdk8u73\6086\hotspot\src\share\vm\prims\jvm.cpp, line 1386]
Event: 0.091 Thread 0x000000000241e000 Exception <a 'java/security/PrivilegedActionException'> (0x00000000edbcd5f8) thrown at [D:\re\puppet\workspace\8-2-build-windows-amd64-cygwin\jdk8u73\6086\hotspot\src\share\vm\prims\jvm.cpp, line 1386]
Event: 0.091 Thread 0x000000000241e000 Exception <a 'java/security/PrivilegedActionException'> (0x00000000edbd11a0) thrown at [D:\re\puppet\workspace\8-2-build-windows-amd64-cygwin\jdk8u73\6086\hotspot\src\share\vm\prims\jvm.cpp, line 1386]
Event: 0.091 Thread 0x000000000241e000 Exception <a 'java/security/PrivilegedActionException'> (0x00000000edbd13b0) thrown at [D:\re\puppet\workspace\8-2-build-windows-amd64-cygwin\jdk8u73\6086\hotspot\src\share\vm\prims\jvm.cpp, line 1386]
Event: 0.096 Thread 0x000000000241e000 Exception <a 'java/io/FileNotFoundException'> (0x00000000edbd8888) thrown at [D:\re\puppet\workspace\8-2-build-windows-amd64-cygwin\jdk8u73\6086\hotspot\src\share\vm\prims\jni.cpp, line 709]
Event: 0.120 Thread 0x000000000241e000 Exception <a 'java/lang/NoSuchFieldError': method resolution failed> (0x00000000edcf12a0) thrown at [D:\re\puppet\workspace\8-2-build-windows-amd64-cygwin\jdk8u73\6086\hotspot\src\share\vm\prims\methodHandles.cpp, line 1146]

Events (10 events):
Event: 0.111 loading class java/lang/invoke/WrongMethodTypeException
Event: 0.111 loading class java/lang/invoke/WrongMethodTypeException done
Event: 0.113 loading class java/lang/invoke/MethodHandleImpl$Lazy
Event: 0.113 loading class java/lang/invoke/MethodHandleImpl$Lazy done
Event: 0.113 loading class java/lang/invoke/MethodHandleImpl$IntrinsicMethodHandle
Event: 0.113 loading class java/lang/invoke/MethodHandleImpl$IntrinsicMethodHandle done
Event: 0.120 loading class java/lang/NoSuchFieldError
Event: 0.120 loading class java/lang/NoSuchFieldError done
Event: 0.120 loading class java/lang/IllegalAccessException
Event: 0.120 loading class java/lang/IllegalAccessException done


Dynamic libraries:
0x000000013fcc0000 - 0x000000013fcf7000 	C:\Program Files\Java\jre1.8.0_73\bin\javaw.exe
0x0000000077510000 - 0x00000000776b9000 	C:\Windows\SYSTEM32\ntdll.dll
0x00000000773f0000 - 0x000000007750f000 	C:\Windows\system32\kernel32.dll
0x000007fefd3c0000 - 0x000007fefd42b000 	C:\Windows\system32\KERNELBASE.dll
0x0000000074fe0000 - 0x0000000075069000 	C:\Windows\System32\SYSFER.DLL
0x000007fefe9e0000 - 0x000007fefeabb000 	C:\Windows\system32\ADVAPI32.dll
0x000007fefee20000 - 0x000007fefeebf000 	C:\Windows\system32\msvcrt.dll
0x000007fefda50000 - 0x000007fefda6f000 	C:\Windows\SYSTEM32\sechost.dll
0x000007fefda80000 - 0x000007fefdbad000 	C:\Windows\system32\RPCRT4.dll
0x00000000772f0000 - 0x00000000773ea000 	C:\Windows\system32\USER32.dll
0x000007fefd680000 - 0x000007fefd6e7000 	C:\Windows\system32\GDI32.dll
0x000007fefeac0000 - 0x000007fefeace000 	C:\Windows\system32\LPK.dll
0x000007fefeaf0000 - 0x000007fefebb9000 	C:\Windows\system32\USP10.dll
0x000007fefba60000 - 0x000007fefbc54000 	C:\Windows\WinSxS\amd64_microsoft.windows.common-controls_6595b64144ccf1df_6.0.7601.17514_none_fa396087175ac9ac\COMCTL32.dll
0x000007feff4d0000 - 0x000007feff541000 	C:\Windows\system32\SHLWAPI.dll
0x000007fefefa0000 - 0x000007fefefce000 	C:\Windows\system32\IMM32.DLL
0x000007feff1b0000 - 0x000007feff2b9000 	C:\Windows\system32\MSCTF.dll
0x0000000062460000 - 0x0000000062532000 	C:\Program Files\Java\jre1.8.0_73\bin\msvcr100.dll
0x000000006ae90000 - 0x000000006b720000 	C:\Program Files\Java\jre1.8.0_73\bin\server\jvm.dll
0x000007fefb540000 - 0x000007fefb549000 	C:\Windows\system32\WSOCK32.dll
0x000007fefd920000 - 0x000007fefd96d000 	C:\Windows\system32\WS2_32.dll
0x000007fefda70000 - 0x000007fefda78000 	C:\Windows\system32\NSI.dll
0x000007fefac90000 - 0x000007fefaccb000 	C:\Windows\system32\WINMM.dll
0x000007fefc390000 - 0x000007fefc39c000 	C:\Windows\system32\VERSION.dll
0x00000000776e0000 - 0x00000000776e7000 	C:\Windows\system32\PSAPI.DLL
0x0000000074870000 - 0x000000007487f000 	C:\Program Files\Java\jre1.8.0_73\bin\verify.dll
0x000000006e4b0000 - 0x000000006e4d9000 	C:\Program Files\Java\jre1.8.0_73\bin\java.dll
0x000000006b7e0000 - 0x000000006b7f6000 	C:\Program Files\Java\jre1.8.0_73\bin\zip.dll
0x000007fefdbb0000 - 0x000007fefe938000 	C:\Windows\system32\SHELL32.dll
0x000007feff2c0000 - 0x000007feff4c3000 	C:\Windows\system32\ole32.dll
0x000007fefd2d0000 - 0x000007fefd2df000 	C:\Windows\system32\profapi.dll
0x00000000620c0000 - 0x0000000062258000 	C:\Program Files\Java\jre1.8.0_73\bin\awt.dll
0x000007fefd970000 - 0x000007fefda47000 	C:\Windows\system32\OLEAUT32.dll

VM Arguments:
jvm_args: -Dfile.encoding=Cp1252 
java_command: aula.Calculadora
java_class_path (initial): C:\Users\Aluno_2\Desktop\Contato\InterfaceGrafica\bin
Launcher Type: SUN_STANDARD

Environment Variables:
PATH=C:/Program Files/Java/jre1.8.0_73/bin/server;C:/Program Files/Java/jre1.8.0_73/bin;C:/Program Files/Java/jre1.8.0_73/lib/amd64;C:\Program Files (x86)\NVIDIA Corporation\PhysX\Common;C:\ProgramData\Oracle\Java\javapath;C:\Windows\system32;C:\Windows;C:\Windows\System32\Wbem;C:\Windows\System32\WindowsPowerShell\v1.0\;c:\Program Files (x86)\Microsoft SQL Server\100\Tools\Binn\;c:\Program Files\Microsoft SQL Server\100\Tools\Binn\;c:\Program Files\Microsoft SQL Server\100\DTS\Binn\;c:\Program Files (x86)\Microsoft SQL Server\100\Tools\Binn\VSShell\Common7\IDE\;c:\Program Files (x86)\Microsoft SQL Server\100\DTS\Binn\;C:\Users\Aluno_2\Desktop;
USERNAME=Aluno_2
OS=Windows_NT
PROCESSOR_IDENTIFIER=Intel64 Family 6 Model 60 Stepping 3, GenuineIntel



---------------  S Y S T E M  ---------------

OS: Windows 7 , 64 bit Build 7601 (6.1.7601.18015)

CPU:total 4 (4 cores per cpu, 1 threads per core) family 6 model 60 stepping 3, cmov, cx8, fxsr, mmx, sse, sse2, sse3, ssse3, sse4.1, sse4.2, popcnt, avx, avx2, aes, clmul, erms, rtm, lzcnt, tsc, tscinvbit, bmi1, bmi2

Memory: 4k page, physical 3597848k(862900k free), swap 14389528k(4232k free)

vm_info: Java HotSpot(TM) 64-Bit Server VM (25.73-b02) for windows-amd64 JRE (1.8.0_73-b02), built on Jan 29 2016 17:38:49 by "java_re" with MS VC++ 10.0 (VS2010)

time: Tue Aug 22 21:28:08 2017
elapsed time: 0 seconds (0d 0h 0m 0s)

